#include hpdf_consts.h
Error in line 15: File does not exist.
#include hpdf_types.h
Error in line 16: File does not exist.
declare HPDF_Doc HPDF_New in ((this.pdfLibrary)) integer, integer
Error in line 1180: Syntax error.
declare HPDF_STATUS HPDF_NewDoc in ((this.pdfLibrary)) HPDF_Doc pdf
Error in line 1182: Syntax error.
declare HPDF_BOOL HPDF_HasDoc  in (this.pdfLibrary) HPDF_Doc pdf
Error in line 1185: Syntax error.
declare HPDF_STATUS HPDF_SaveToStream  in (this.pdfLibrary) HPDF_Doc pdf
Error in line 1186: Syntax error.
declare HPDF_STATUS HPDF_ReadFromStream  in (this.pdfLibrary) HPDF_Doc pdf, @ string buf , integer size
Error in line 1188: Syntax error.
declare HPDF_STATUS HPDF_ResetStream  in (this.pdfLibrary) HPDF_Doc pdf
Error in line 1189: Syntax error.
declare HPDF_STATUS HPDF_SaveToFile  in (this.pdfLibrary) HPDF_Doc pdf, string filename
Error in line 1190: Syntax error.
declare HPDF_STATUS HPDF_GetError  in (this.pdfLibrary) HPDF_Doc pdf
Error in line 1191: Syntax error.
declare HPDF_Page HPDF_GetPageByIndex  in (this.pdfLibrary) HPDF_Doc pdf, integer index
Error in line 1193: Syntax error.
declare HPDF_PageLayout HPDF_GetPageLayout in (this.pdfLibrary) HPDF_Doc pdf
Error in line 1194: Syntax error.
declare HPDF_STATUS HPDF_SetPageLayout in (this.pdfLibrary) HPDF_Doc pdf ,integer layout
Error in line 1195: Syntax error.
declare HPDF_PageMode HPDF_GetPageMode in (this.pdfLibrary) HPDF_Doc pdf
Error in line 1196: Syntax error.
declare HPDF_STATUS HPDF_SetPageMode in (this.pdfLibrary) HPDF_Doc pdf, integer mode
Error in line 1197: Syntax error.
declare HPDF_STATUS HPDF_SetViewerPreference in (this.pdfLibrary) HPDF_Doc pdf, integer prefv
Error in line 1199: Syntax error.
declare HPDF_STATUS HPDF_SetOpenAction in (this.pdfLibrary) HPDF_Doc pdf, integer open_action
Error in line 1200: Syntax error.
declare HPDF_Page HPDF_GetCurrentPage in (this.pdfLibrary) HPDF_Doc  pdf
Error in line 1205: Syntax error.
declare HPDF_Page HPDF_AddPage in (this.pdfLibrary) HPDF_Doc  pdf
Error in line 1206: Syntax error.
declare HPDF_Page HPDF_InsertPage in (this.pdfLibrary) HPDF_Doc pdf, HPDF_Page pageBefore
Error in line 1207: Syntax error.
declare HPDF_STATUS HPDF_Page_SetWidth in (this.pdfLibrary) HPDF_Page   page,	HPDF_REAL   value
Error in line 1208: Syntax error.
declare HPDF_STATUS HPDF_Page_SetHeight in (this.pdfLibrary) HPDF_Page   page,	HPDF_REAL   value
Error in line 1209: Syntax error.
declare HPDF_STATUS HPDF_Page_SetHeight in (this.pdfLibrary) HPDF_Page   page,	HPDF_REAL   value
Error in line 1210: Syntax error.
declare HPDF_STATUS HPDF_Page_SetSize in (this.pdfLibrary) HPDF_Page  page,	HPDF_PageSizes  size  ,HPDF_PageDirection direction
Error in line 1212: Syntax error.
declare HPDF_STATUS HPDF_Page_SetRotate in (this.pdfLibrary) HPDF_Page	page,	HPDF_UINT16   angle
Error in line 1213: Syntax error.
declare HPDF_STATUS HPDF_Page_GetCurrentPos2 in (this.pdfLibrary) HPDF_Page page, HPDF_Point  @ pos 
Error in line 1216: Syntax error.
declare HPDF_STATUS HPDF_Page_GetCurrentTextPos2 in (this.pdfLibrary) HPDF_Page page, HPDF_Point  @ pos 
Error in line 1217: Syntax error.
declare HPDF_Font HPDF_GetFont in (this.pdfLibrary) HPDF_Doc  pdf, string font_name, string  encoding_name
Error in line 1222: Syntax error.
declare HPDF_STATUS HPDF_CreateOutline in (this.pdfLibrary) HPDF_Doc pdf,HPDF_Outline   parent  ,string title,	HPDF_Encoder encoder
Error in line 1236: Syntax error.
declare HPDF_STATUS HPDF_Outline_SetOpened in (this.pdfLibrary) HPDF_Outline outline,HPDF_BOOL opened
Error in line 1237: Syntax error.
declare HPDF_STATUS HPDF_Outline_SetDestination in (this.pdfLibrary) HPDF_Outline outline,HPDF_Destination  dst
Error in line 1238: Syntax error.
declare HPDF_Destination HPDF_Page_CreateDestination in (this.pdfLibrary) HPDF_Page page
Error in line 1243: Syntax error.
declare HPDF_STATUS HPDF_Destination_SetXYZ in (this.pdfLibrary) HPDF_Destination  dst,HPDF_REAL left,HPDF_REAL top  ,HPDF_REAL zoom
Error in line 1245: Syntax error.
declare HPDF_STATUS HPDF_Destination_SetFit in (this.pdfLibrary) HPDF_Destination dst
Error in line 1246: Syntax error.
declare HPDF_STATUS HPDF_Destination_SetFitH in (this.pdfLibrary) HPDF_Destination  dst,HPDF_REAL top
Error in line 1247: Syntax error.
declare HPDF_STATUS HPDF_Destination_SetFitV in (this.pdfLibrary) HPDF_Destination  dst,HPDF_REAL left
Error in line 1248: Syntax error.
declare HPDF_STATUS HPDF_Destination_SetFitR in (this.pdfLibrary) HPDF_Destination  dst,HPDF_REAL left  ,HPDF_REAL bottom, HPDF_REAL right,HPDF_REAL top
Error in line 1250: Syntax error.
declare HPDF_STATUS HPDF_Destination_SetFitB in (this.pdfLibrary) HPDF_Destination  dst
Error in line 1251: Syntax error.
declare HPDF_STATUS HPDF_Destination_SetFitBH in (this.pdfLibrary) HPDF_Destination  dst  ,HPDF_REAL top
Error in line 1253: Syntax error.
declare HPDF_STATUS HPDF_Destination_SetFitBV in (this.pdfLibrary) HPDF_Destination  dst  ,HPDF_REAL left
Error in line 1255: Syntax error.
declare HPDF_Encoder HPDF_GetEncoder in (this.pdfLibrary) HPDF_Doc pdf, string encoding_name
Error in line 1260: Syntax error.
declare HPDF_Encoder HPDF_GetCurrentEncoder in (this.pdfLibrary) HPDF_Doc   pdf
Error in line 1261: Syntax error.
declare HPDF_STATUS HPDF_SetCurrentEncoder in (this.pdfLibrary) HPDF_Doc pdf, string encoding_name
Error in line 1262: Syntax error.
declare HPDF_EncoderType HPDF_Encoder_GetType in (this.pdfLibrary) HPDF_Encoder   encoder
Error in line 1263: Syntax error.
declare HPDF_ByteType HPDF_Encoder_GetByteType in (this.pdfLibrary) HPDF_Encoder encoder  ,string text,HPDF_UINT index
Error in line 1266: Syntax error.
declare HPDF_WritingMode HPDF_Encoder_GetWritingMode in (this.pdfLibrary) HPDF_Encoder   encoder
Error in line 1269: Syntax error.
declare HPDF_STATUS HPDF_UseJPEncodings in (this.pdfLibrary) HPDF_Doc   pdf
Error in line 1270: Syntax error.
declare HPDF_STATUS HPDF_UseKREncodings in (this.pdfLibrary) HPDF_Doc pdf
Error in line 1271: Syntax error.
declare HPDF_STATUS HPDF_UseCNSEncodings in (this.pdfLibrary) HPDF_Doc   pdf
Error in line 1272: Syntax error.
declare HPDF_STATUS HPDF_UseCNTEncodings  in (this.pdfLibrary) HPDF_Doc   pdf
Error in line 1273: Syntax error.
declare HPDF_Annotation HPDF_Page_CreateTextAnnot in (this.pdfLibrary) HPDF_Page page  ,HPDF_Rect  rect, string text, HPDF_Encoder encoder
Error in line 1278: Syntax error.
declare HPDF_Annotation HPDF_Page_CreateLinkAnnot in (this.pdfLibrary) HPDF_Page page  ,HPDF_Rect          rect  ,HPDF_Destination   dst
Error in line 1281: Syntax error.
declare HPDF_Annotation HPDF_Page_CreateURILinkAnnot in (this.pdfLibrary) HPDF_Page     page  ,HPDF_Rect  rect  ,string 	url
Error in line 1284: Syntax error.
declare HPDF_STATUS HPDF_LinkAnnot_SetHighlightMode in (this.pdfLibrary)  HPDF_Annotation  annot, HPDF_AnnotHighlightMode   mode
Error in line 1286: Syntax error.
declare HPDF_STATUS HPDF_LinkAnnot_SetBorderStyle in (this.pdfLibrary) HPDF_Annotation  annot  ,HPDF_REAL        width  ,HPDF_UINT16      dash_on  ,HPDF_UINT16      dash_off
Error in line 1290: Syntax error.
declare HPDF_STATUS HPDF_TextAnnot_SetIcon in (this.pdfLibrary) HPDF_Annotation   annot  , HPDF_AnnotIcon    icon
Error in line 1292: Syntax error.
declare HPDF_STATUS HPDF_TextAnnot_SetOpened in (this.pdfLibrary) HPDF_Annotation   annot  ,HPDF_BOOL   opened
Error in line 1294: Syntax error.
declare HPDF_Image HPDF_LoadPngImageFromFile in (this.pdfLibrary) HPDF_Doc pdf, string filename
Error in line 1299: Syntax error.
declare HPDF_Image HPDF_LoadPngImageFromFile2 in (this.pdfLibrary) HPDF_Doc pdf, string filename
Error in line 1300: Syntax error.
declare HPDF_Image HPDF_LoadJpegImageFromFile in (this.pdfLibrary) HPDF_Doc pdf, string filename
Error in line 1301: Syntax error.
declare HPDF_Image HPDF_LoadRawImageFromFile in (this.pdfLibrary) HPDF_Doc pdf  ,string 			filename  ,HPDF_UINT          width  ,HPDF_UINT          height ,HPDF_ColorSpace    color_space
Error in line 1306: Syntax error.
declare HPDF_Image HPDF_LoadRawImageFromMem in (this.pdfLibrary) HPDF_Doc pdf  ,HPDF_BYTE buf ,HPDF_UINT width, HPDF_UINT height,HPDF_ColorSpace	color_space  ,HPDF_UINT	bits_per_component
Error in line 1309: Syntax error.
declare HPDF_STATUS HPDF_Image_SetColorMask in (this.pdfLibrary) HPDF_Image image,HPDF_UINT	rmin  ,HPDF_UINT	rmax,HPDF_UINT	gmin,HPDF_UINT	gmax,HPDF_UINT	bmin,HPDF_UINT	bmax
Error in line 1315: Syntax error.
declare HPDF_STATUS HPDF_Image_SetMaskImage in (this.pdfLibrary) HPDF_Image image,HPDF_Image mask_image
Error in line 1316: Syntax error.
declare HPDF_STATUS HPDF_SetInfoAttr in (this.pdfLibrary) HPDF_Doc pdf,HPDF_InfoType type,string value
Error in line 1321: Syntax error.
declare HPDF_STATUS HPDF_SetInfoDateAttr in (this.pdfLibrary) HPDF_Doc pdf  ,HPDF_InfoType type,HPDF_Date value
Error in line 1324: Syntax error.
declare HPDF_STATUS HPDF_SetPassword in (this.pdfLibrary) HPDF_Doc pdf  ,string owner_passwd, string user_passwd
Error in line 1329: Syntax error.
declare HPDF_STATUS HPDF_SetPermission in (this.pdfLibrary) HPDF_Doc pdf, integer permission
Error in line 1330: Syntax error.
declare HPDF_STATUS HPDF_SetEncryptionMode in (this.pdfLibrary) HPDF_Doc pdf  ,HPDF_EncryptMode   mode,HPDF_UINT key_len
Error in line 1332: Syntax error.
declare HPDF_STATUS HPDF_SetCompressionMode in (this.pdfLibrary) HPDF_Doc pdf, HPDF_UINT mode
Error in line 1336: Syntax error.
declare HPDF_UINT HPDF_Font_MeasureText in (this.pdfLibrary) HPDF_Font font  ,string text  ,HPDF_UINT len  ,HPDF_REAL width  ,HPDF_REAL font_size  ,HPDF_REAL char_space  ,HPDF_REAL word_space  ,HPDF_BOOL wordwrap  ,HPDF_REAL @ real_width 
Error in line 1348: Syntax error.
declare HPDF_REAL HPDF_Page_GetWidth in (this.pdfLibrary) HPDF_Page page
Error in line 1350: Syntax error.
declare HPDF_REAL HPDF_Page_GetHeight in (this.pdfLibrary) HPDF_Page page
Error in line 1351: Syntax error.
declare HPDF_REAL HPDF_Page_TextWidth in (this.pdfLibrary) HPDF_Page page, string text
Error in line 1352: Syntax error.
declare HPDF_Font HPDF_Page_GetCurrentFont in (this.pdfLibrary)	HPDF_Page page
Error in line 1353: Syntax error.
declare HPDF_UINT HPDF_Page_MeasureText in (this.pdfLibrary) HPDF_Page page  ,string text  ,HPDF_REAL width  ,HPDF_BOOL wordwrap  ,HPDF_REAL @ real_width
Error in line 1358: Syntax error.
declare HPDF_RGBColor HPDF_Page_GetRGBFill in (this.pdfLibrary) HPDF_Page page
Error in line 1360: Syntax error.
declare HPDF_Font HPDF_Page_GetCurrentFont in (this.pdfLibrary) HPDF_Page page
Error in line 1361: Syntax error.
declare HPDF_REAL HPDF_Page_GetCurrentFontSize  in (this.pdfLibrary) HPDF_Page page
Error in line 1362: Syntax error.
declare HPDF_STATUS HPDF_Page_SetLineWidth in (this.pdfLibrary) HPDF_Page  page,HPDF_REAL  line_width
Error in line 1368: Syntax error.
declare HPDF_REAL HPDF_Page_GetLineWidth in (this.pdfLibrary) HPDF_Page   page
Error in line 1369: Syntax error.
declare HPDF_STATUS HPDF_Page_SetLineCap in (this.pdfLibrary) HPDF_Page	 page,HPDF_LineCap  line_cap
Error in line 1371: Syntax error.
declare HPDF_STATUS HPDF_Page_SetLineJoin in (this.pdfLibrary) HPDF_Page	  page,HPDF_LineJoin  line_join
Error in line 1373: Syntax error.
declare HPDF_STATUS HPDF_Page_SetMiterLimit in (this.pdfLibrary) HPDF_Page  page,HPDF_REAL  miter_limit
Error in line 1375: Syntax error.
declare HPDF_STATUS HPDF_Page_SetDash in (this.pdfLibrary) HPDF_Page  page, string  dash_ptn  ,HPDF_UINT	num_param, HPDF_UINT phase
Error in line 1379: Syntax error.
declare HPDF_STATUS HPDF_Page_SetFlat in (this.pdfLibrary) HPDF_Page page,HPDF_REAL	flatness
Error in line 1382: Syntax error.
declare HPDF_STATUS HPDF_Page_MoveTo in (this.pdfLibrary) HPDF_Page	page,HPDF_REAL	x,HPDF_REAL	y
Error in line 1385: Syntax error.
declare HPDF_STATUS HPDF_Page_LineTo in (this.pdfLibrary) HPDF_Page	page ,HPDF_REAL x  ,HPDF_REAL y
Error in line 1388: Syntax error.
declare HPDF_STATUS HPDF_Page_CurveTo in (this.pdfLibrary) HPDF_Page page,HPDF_REAL	x1  ,HPDF_REAL	y1,	HPDF_REAL	x2 ,HPDF_REAL	y2, HPDF_REAL	x3 ,HPDF_REAL	y3
Error in line 1391: Syntax error.
declare HPDF_STATUS HPDF_Page_CurveTo2 in (this.pdfLibrary) HPDF_Page page  ,HPDF_REAL	x2  ,HPDF_REAL	y2  ,HPDF_REAL	x3  ,HPDF_REAL	y3
Error in line 1397: Syntax error.
declare HPDF_STATUS HPDF_Page_CurveTo3 in (this.pdfLibrary) HPDF_Page  page  ,HPDF_REAL  x1  ,HPDF_REAL  y1  ,HPDF_REAL  x3  ,HPDF_REAL  y3
Error in line 1403: Syntax error.
declare HPDF_STATUS HPDF_Page_ClosePath in (this.pdfLibrary) HPDF_Page  page
Error in line 1405: Syntax error.
declare HPDF_STATUS HPDF_Page_Rectangle in (this.pdfLibrary) HPDF_Page  page  ,HPDF_REAL  x ,HPDF_REAL  y ,HPDF_REAL  width ,HPDF_REAL  height
Error in line 1411: Syntax error.
declare HPDF_STATUS HPDF_Page_GSave in (this.pdfLibrary) HPDF_Page	page
Error in line 1415: Syntax error.
declare HPDF_STATUS HPDF_Page_GRestore  in (this.pdfLibrary) HPDF_Page	page
Error in line 1417: Syntax error.
declare HPDF_STATUS HPDF_Page_Concat in (this.pdfLibrary) HPDF_Page	page  ,HPDF_REAL	a ,HPDF_REAL	b ,HPDF_REAL	c ,HPDF_REAL	d ,HPDF_REAL	x ,HPDF_REAL	y
Error in line 1425: Syntax error.
declare HPDF_STATUS HPDF_Page_SetCharSpace  in (this.pdfLibrary) HPDF_Page  page, HPDF_REAL  value
Error in line 1428: Syntax error.
declare HPDF_STATUS HPDF_Page_SetWordSpace in (this.pdfLibrary) HPDF_Page  page, HPDF_REAL  value
Error in line 1431: Syntax error.
declare HPDF_STATUS HPDF_Page_SetHorizontalScalling  in (this.pdfLibrary) HPDF_Page  page, HPDF_REAL  value
Error in line 1433: Syntax error.
declare HPDF_STATUS HPDF_Page_SetTextLeading  in (this.pdfLibrary) HPDF_Page  page, HPDF_REAL  value
Error in line 1435: Syntax error.
declare HPDF_STATUS HPDF_Page_SetTextRise in (this.pdfLibrary) HPDF_Page  page, HPDF_REAL  value
Error in line 1437: Syntax error.
declare HPDF_STATUS HPDF_Page_Stroke in (this.pdfLibrary) HPDF_Page  page
Error in line 1440: Syntax error.
declare HPDF_STATUS HPDF_Page_ClosePathStroke in (this.pdfLibrary) HPDF_Page  page
Error in line 1442: Syntax error.
declare HPDF_STATUS HPDF_Page_Fill in (this.pdfLibrary) HPDF_Page  page
Error in line 1444: Syntax error.
declare HPDF_STATUS HPDF_Page_Eofill in (this.pdfLibrary) HPDF_Page  page
Error in line 1446: Syntax error.
declare HPDF_STATUS HPDF_Page_FillStroke in (this.pdfLibrary) HPDF_Page  page
Error in line 1448: Syntax error.
declare HPDF_STATUS HPDF_Page_EofillStroke  in (this.pdfLibrary) HPDF_Page  page
Error in line 1450: Syntax error.
declare HPDF_STATUS HPDF_Page_ClosePathFillStroke  in (this.pdfLibrary) HPDF_Page  page
Error in line 1452: Syntax error.
declare HPDF_STATUS HPDF_Page_ClosePathEofillStroke in (this.pdfLibrary) HPDF_Page  page
Error in line 1454: Syntax error.
declare HPDF_STATUS HPDF_Page_EndPath in (this.pdfLibrary) HPDF_Page  page
Error in line 1456: Syntax error.
declare HPDF_STATUS HPDF_Page_BeginText in (this.pdfLibrary) HPDF_Page  page
Error in line 1459: Syntax error.
declare HPDF_STATUS HPDF_Page_EndText in (this.pdfLibrary) HPDF_Page  page
Error in line 1461: Syntax error.
declare HPDF_STATUS HPDF_Page_Clip in (this.pdfLibrary) HPDF_Page  page
Error in line 1463: Syntax error.
declare HPDF_STATUS HPDF_Page_Eoclip in (this.pdfLibrary) HPDF_Page  page
Error in line 1465: Syntax error.
declare HPDF_STATUS HPDF_Page_SetFontAndSize in (this.pdfLibrary) HPDF_Page  page ,HPDF_Font  font ,HPDF_REAL  size
Error in line 1471: Syntax error.
declare HPDF_STATUS HPDF_Page_SetTextRenderingMode in (this.pdfLibrary) HPDF_Page page  ,HPDF_TextRenderingMode  mode
Error in line 1474: Syntax error.
declare HPDF_STATUS HPDF_Page_MoveTextPos in (this.pdfLibrary) HPDF_Page page  ,HPDF_REAL   x  ,HPDF_REAL   y
Error in line 1479: Syntax error.
declare HPDF_STATUS HPDF_Page_MoveTextPos2 in (this.pdfLibrary) HPDF_Page page  ,HPDF_REAL   x  ,HPDF_REAL   y
Error in line 1483: Syntax error.
declare HPDF_STATUS HPDF_Page_SetTextMatrix in (this.pdfLibrary) HPDF_Page page  ,HPDF_REAL a,HPDF_REAL    b,HPDF_REAL    c,HPDF_REAL    d,HPDF_REAL    x,HPDF_REAL    y
Error in line 1487: Syntax error.
declare HPDF_STATUS HPDF_Page_MoveToNextLine in (this.pdfLibrary) HPDF_Page  page
Error in line 1490: Syntax error.
declare HPDF_STATUS HPDF_Page_ShowText in (this.pdfLibrary) HPDF_Page page,string text
Error in line 1493: Syntax error.
declare HPDF_STATUS HPDF_Page_ShowTextNextLine in (this.pdfLibrary) HPDF_Page page,string text
Error in line 1495: Syntax error.
declare HPDF_STATUS HPDF_Page_SetGrayFill in (this.pdfLibrary) HPDF_Page page,HPDF_REAL gray
Error in line 1497: Syntax error.
declare HPDF_STATUS HPDF_Page_SetGrayStroke in (this.pdfLibrary) HPDF_Page page,HPDF_REAL gray
Error in line 1499: Syntax error.
declare HPDF_STATUS HPDF_Page_SetRGBFill in (this.pdfLibrary) HPDF_Page  page  ,HPDF_REAL  r  ,HPDF_REAL  g  ,HPDF_REAL  b
Error in line 1504: Syntax error.
declare HPDF_STATUS HPDF_Page_SetRGBStroke in (this.pdfLibrary) HPDF_Page  page  ,HPDF_REAL  r  ,HPDF_REAL  g  ,HPDF_REAL  b
Error in line 1509: Syntax error.
declare HPDF_STATUS HPDF_Page_SetCMYKFill in (this.pdfLibrary) HPDF_Page page  ,HPDF_REAL  c  ,HPDF_REAL  m  ,HPDF_REAL  y  ,HPDF_REAL  k
Error in line 1515: Syntax error.
declare HPDF_STATUS HPDF_Page_SetCMYKStroke  in (this.pdfLibrary) HPDF_Page page  ,HPDF_REAL  c  ,HPDF_REAL  m  ,HPDF_REAL  y  ,HPDF_REAL  k
Error in line 1521: Syntax error.
declare HPDF_STATUS HPDF_Page_Circle in (this.pdfLibrary) HPDF_Page	page  ,HPDF_REAL	 x  ,HPDF_REAL	 y  ,HPDF_REAL	 ray
Error in line 1525: Syntax error.
declare HPDF_STATUS HPDF_Page_Ellipse in (this.pdfLibrary) HPDF_Page page  ,HPDF_REAL   x  ,HPDF_REAL   y  ,HPDF_REAL  xray  ,HPDF_REAL  yray 
Error in line 1531: Syntax error.
declare HPDF_STATUS HPDF_Page_Arc in (this.pdfLibrary) HPDF_Page page  ,HPDF_REAL	x  ,HPDF_REAL	y  ,HPDF_REAL	ray  ,HPDF_REAL	ang1  ,HPDF_REAL	ang2
Error in line 1538: Syntax error.
declare HPDF_STATUS HPDF_Page_DrawImage in (this.pdfLibrary) HPDF_Page	page  ,HPDF_Image image ,HPDF_REAL	x ,HPDF_REAL	y ,HPDF_REAL	width ,HPDF_REAL	height
Error in line 1544: Syntax error.
declare HPDF_STATUS HPDF_Page_TextRect in (this.pdfLibrary) HPDF_Page page  ,HPDF_REAL				left  ,HPDF_REAL				top  ,HPDF_REAL				right  ,HPDF_REAL				bottom  ,string					text  ,HPDF_TextAlignment   	align  ,integer len
Error in line 1553: Syntax error.
declare HPDF_STATUS HPDF_Page_TextOut in (this.pdfLibrary) HPDF_Page	page  ,HPDF_REAL	xpos  ,HPDF_REAL	ypos  ,string  text
Error in line 1558: Syntax error.
declare HPDF_STATUS HPDF_Page_ExecuteXObject in (this.pdfLibrary) HPDF_Page page  ,HPDF_XObject  obj 
Error in line 1562: Syntax error.
